\BOOKMARK [0][-]{chapter.1}{\376\377\006\105\006\102\006\057\006\105\006\107}{}% 1
\BOOKMARK [1][-]{section.1.1}{\376\377\006\105\006\102\006\057\006\105\006\107\040\014\006\047\006\314\000\040\006\050\006\061\000\040\006\105\006\110\006\052\006\110\006\061\006\107\006\047\006\314\000\040\006\065\006\101\006\055\006\107\040\014\006\047\006\314\000\040\006\105\006\050\006\052\006\106\006\314\040\014\000\040\006\050\006\061\000\040\006\064\006\106\006\047\006\110\006\061\006\314\000\040\006\105\006\072\006\106\006\047\006\067\006\314\006\063\006\314}{chapter.1}% 2
\BOOKMARK [0][-]{chapter.2}{\376\377\006\105\006\061\006\110\006\061\006\314\000\040\006\050\006\061\000\040\006\105\006\067\006\047\006\104\006\071\006\047\006\052\000\040\006\047\006\106\006\054\006\047\006\105\000\040\006\064\006\057\006\107}{}% 3
\BOOKMARK [1][-]{section.2.1}{\376\377\006\105\006\102\006\057\006\105\006\107}{chapter.2}% 4
\BOOKMARK [1][-]{section.2.2}{\376\377\006\105\006\071\006\105\006\047\006\061\006\314\000\040\006\057\006\063\006\052\006\257\006\047\006\107\040\014\006\107\006\047\006\314\000\040\000M\000L\000P\000M}{chapter.2}% 5
\BOOKMARK [2][-]{subsection.2.2.1}{\376\377\040\014\006\042\006\107\006\106\006\061\006\050\006\047\006\107\006\047\006\314\000\040\006\105\006\052\006\055\006\061\006\251\000\040\006\110\000\040\006\063\006\314\006\105\040\014\006\176\006\314\006\206\040\014\006\107\006\047\006\314\000\040\006\053\006\047\006\050\006\052}{section.2.2}% 6
\BOOKMARK [1][-]{section.2.3}{\376\377\006\067\006\061\006\047\006\055\006\314\000\040\006\251\006\106\006\052\006\061\006\104\006\061}{chapter.2}% 7
\BOOKMARK [2][-]{subsection.2.3.1}{\376\377\006\251\006\106\006\052\006\061\006\104\006\061\000\040\000P\000I\000D}{section.2.3}% 8
\BOOKMARK [2][-]{subsection.2.3.2}{\376\377\006\251\006\106\006\052\006\061\006\104\006\061\000\040\006\105\006\050\006\052\006\106\006\314\000\040\006\050\006\061\000\040\006\176\006\314\006\064\040\014\006\050\006\314\006\106\006\314\000\040\006\105\006\057\006\104\000\040\000M\000P\000C}{section.2.3}% 9
\BOOKMARK [2][-]{subsection.2.3.3}{\376\377\006\251\006\106\006\052\006\061\006\104\006\061\000\040\006\105\006\050\006\052\006\106\006\314\000\040\006\050\006\061\000\040\006\107\006\110\006\064\000\040\006\105\006\065\006\106\006\110\006\071\006\314}{section.2.3}% 10
\BOOKMARK [0][-]{chapter.3}{\376\377\006\061\006\110\006\064\000\040\006\064\006\106\006\047\006\063\006\314}{}% 11
\BOOKMARK [1][-]{section.3.1}{\376\377\006\105\006\057\006\104\000\040\006\063\006\314\006\063\006\052\006\105}{chapter.3}% 12
\BOOKMARK [2][-]{subsection.3.1.1}{\376\377\006\105\006\057\006\104\000\040\006\063\006\314\006\063\006\052\006\105\000\040\006\105\006\052\006\055\006\061\006\251}{section.3.1}% 13
\BOOKMARK [2][-]{subsection.3.1.2}{\376\377\006\105\006\057\006\104\000\040\006\063\006\314\006\063\006\052\006\105\000\040\006\053\006\047\006\050\006\052}{section.3.1}% 14
\BOOKMARK [2][-]{subsection.3.1.3}{\376\377\006\176\006\314\006\047\006\057\006\107\000\040\006\063\006\047\006\062\006\314\000\040\006\105\006\055\006\047\006\063\006\050\006\047\006\052\000\040\006\105\006\047\006\052\006\061\006\314\006\063\000\040\006\055\006\047\006\104\006\052}{section.3.1}% 15
\BOOKMARK [2][-]{subsection.3.1.4}{\376\377\006\176\006\314\006\047\006\057\006\107\000\040\006\063\006\047\006\062\006\314\000\040\006\105\006\055\006\047\006\063\006\050\006\047\006\052\000\040}{section.3.1}% 16
\BOOKMARK [1][-]{section.3.2}{\376\377\006\067\006\061\006\047\006\055\006\314\000\040\006\251\006\106\006\052\006\061\006\104\006\061}{chapter.3}% 17
\BOOKMARK [2][-]{subsection.3.2.1}{\376\377\006\176\006\047\006\063\006\056\000\040\006\063\006\314\006\063\006\052\006\105\000\040\006\055\006\104\006\102\006\107\000\040\006\050\006\047\006\062}{section.3.2}% 18
\BOOKMARK [2][-]{subsection.3.2.2}{\376\377\006\176\006\314\006\047\006\057\006\107\000\040\006\063\006\047\006\062\006\314\000\040\006\251\006\106\006\052\006\061\006\104\006\061\000\040\000P\000I\000D}{section.3.2}% 19
\BOOKMARK [2][-]{subsection.3.2.3}{\376\377\006\176\006\314\006\047\006\057\006\107\000\040\006\063\006\047\006\062\006\314\000\040\006\251\006\106\006\052\006\061\006\104\006\061\000\040\000L\000i\000n\000e\000a\000r\000\040\000M\000P\000C}{section.3.2}% 20
\BOOKMARK [2][-]{subsection.3.2.4}{\376\377\006\176\006\314\006\047\006\057\006\107\000\040\006\063\006\047\006\062\006\314\000\040\006\251\006\106\006\052\006\061\006\104\006\061\000\040\000T\000u\000b\000e\000\040\000M\000P\000C}{section.3.2}% 21
\BOOKMARK [1][-]{section.3.3}{\376\377\006\105\006\102\006\047\006\314\006\063\006\107\000\040\006\106\006\052\006\047\006\314\006\054}{chapter.3}% 22
\BOOKMARK [0][-]{chapter.4}{\376\377\006\106\006\052\006\314\006\054\006\107\000\040\006\257\006\314\006\061\006\314}{}% 23
\BOOKMARK [1][-]{section.4.1}{\376\377\006\251\006\047\006\061\006\107\006\047\006\314\000\040\006\042\006\314\006\106\006\057\006\107}{chapter.4}% 24
\BOOKMARK [0][-]{chapter.5}{\376\377\006\050\006\055\006\053\000\040\006\110\000\040\006\106\006\052\006\314\006\054\006\107\040\014\006\257\006\314\006\061\006\314}{}% 25
